[2023-07-06 10:38:43Z INFO HostContext] No proxy settings were found based on environmental variables (http_proxy/https_proxy/HTTP_PROXY/HTTPS_PROXY)
[2023-07-06 10:38:43Z INFO HostContext] Well known directory 'Bin': 'C:\Test\actions-runner\bin'
[2023-07-06 10:38:43Z INFO HostContext] Well known directory 'Root': 'C:\Test\actions-runner'
[2023-07-06 10:38:43Z INFO HostContext] Well known config file 'Credentials': 'C:\Test\actions-runner\.credentials'
[2023-07-06 10:38:43Z INFO HostContext] Well known directory 'Bin': 'C:\Test\actions-runner\bin'
[2023-07-06 10:38:43Z INFO HostContext] Well known directory 'Root': 'C:\Test\actions-runner'
[2023-07-06 10:38:43Z INFO HostContext] Well known config file 'Runner': 'C:\Test\actions-runner\.runner'
[2023-07-06 10:38:43Z INFO Listener] Runner is built for Windows (X64) - win-x64.
[2023-07-06 10:38:43Z INFO Listener] RuntimeInformation: Microsoft Windows 10.0.22621.
[2023-07-06 10:38:43Z INFO Listener] Version: 2.305.0
[2023-07-06 10:38:43Z INFO Listener] Commit: 6cbe663c239dba8a109c6ac2801b25f1ed7c51e9
[2023-07-06 10:38:43Z INFO Listener] Culture: en-US
[2023-07-06 10:38:43Z INFO Listener] UI Culture: en-US
[2023-07-06 10:38:43Z INFO HostContext] Well known directory 'Bin': 'C:\Test\actions-runner\bin'
[2023-07-06 10:38:43Z INFO HostContext] Well known directory 'Root': 'C:\Test\actions-runner'
[2023-07-06 10:38:43Z INFO Listener] Validating directory permissions for: 'C:\Test\actions-runner'
[2023-07-06 10:38:43Z INFO CommandLineParser] Parse
[2023-07-06 10:38:43Z INFO CommandLineParser] Parsing 3 args
[2023-07-06 10:38:43Z INFO CommandLineParser] parsing argument
[2023-07-06 10:38:43Z INFO CommandLineParser] HasArgs: False
[2023-07-06 10:38:43Z INFO CommandLineParser] Adding Command: run
[2023-07-06 10:38:43Z INFO CommandLineParser] parsing argument
[2023-07-06 10:38:43Z INFO CommandLineParser] HasArgs: True
[2023-07-06 10:38:43Z INFO CommandLineParser] arg: startuptype
[2023-07-06 10:38:43Z INFO CommandLineParser] parsing argument
[2023-07-06 10:38:43Z INFO CommandLineParser] HasArgs: True
[2023-07-06 10:38:43Z INFO CommandLineParser] Adding option 'startuptype': 'service'
[2023-07-06 10:38:43Z INFO Listener] Arguments parsed
[2023-07-06 10:38:43Z INFO Runner] ExecuteCommand
[2023-07-06 10:38:43Z INFO ConfigurationStore] currentAssemblyLocation: C:\Test\actions-runner\bin\Runner.Listener.dll
[2023-07-06 10:38:43Z INFO HostContext] Well known directory 'Bin': 'C:\Test\actions-runner\bin'
[2023-07-06 10:38:43Z INFO ConfigurationStore] binPath: C:\Test\actions-runner\bin
[2023-07-06 10:38:43Z INFO HostContext] Well known directory 'Bin': 'C:\Test\actions-runner\bin'
[2023-07-06 10:38:43Z INFO HostContext] Well known directory 'Root': 'C:\Test\actions-runner'
[2023-07-06 10:38:43Z INFO ConfigurationStore] RootFolder: C:\Test\actions-runner
[2023-07-06 10:38:43Z INFO HostContext] Well known directory 'Bin': 'C:\Test\actions-runner\bin'
[2023-07-06 10:38:43Z INFO HostContext] Well known directory 'Root': 'C:\Test\actions-runner'
[2023-07-06 10:38:43Z INFO HostContext] Well known config file 'Runner': 'C:\Test\actions-runner\.runner'
[2023-07-06 10:38:43Z INFO ConfigurationStore] ConfigFilePath: C:\Test\actions-runner\.runner
[2023-07-06 10:38:43Z INFO HostContext] Well known directory 'Bin': 'C:\Test\actions-runner\bin'
[2023-07-06 10:38:43Z INFO HostContext] Well known directory 'Root': 'C:\Test\actions-runner'
[2023-07-06 10:38:43Z INFO HostContext] Well known config file 'Credentials': 'C:\Test\actions-runner\.credentials'
[2023-07-06 10:38:43Z INFO ConfigurationStore] CredFilePath: C:\Test\actions-runner\.credentials
[2023-07-06 10:38:43Z INFO HostContext] Well known directory 'Bin': 'C:\Test\actions-runner\bin'
[2023-07-06 10:38:43Z INFO HostContext] Well known directory 'Root': 'C:\Test\actions-runner'
[2023-07-06 10:38:43Z INFO HostContext] Well known config file 'MigratedCredentials': 'C:\Test\actions-runner\.credentials_migrated'
[2023-07-06 10:38:43Z INFO ConfigurationStore] MigratedCredFilePath: C:\Test\actions-runner\.credentials_migrated
[2023-07-06 10:38:43Z INFO HostContext] Well known directory 'Bin': 'C:\Test\actions-runner\bin'
[2023-07-06 10:38:43Z INFO HostContext] Well known directory 'Root': 'C:\Test\actions-runner'
[2023-07-06 10:38:43Z INFO HostContext] Well known config file 'Service': 'C:\Test\actions-runner\.service'
[2023-07-06 10:38:43Z INFO ConfigurationStore] ServiceConfigFilePath: C:\Test\actions-runner\.service
[2023-07-06 10:38:43Z INFO CommandSettings] Flag 'help': 'False'
[2023-07-06 10:38:43Z INFO CommandSettings] Flag 'version': 'False'
[2023-07-06 10:38:43Z INFO CommandSettings] Flag 'commit': 'False'
[2023-07-06 10:38:43Z INFO CommandSettings] Flag 'check': 'False'
[2023-07-06 10:38:43Z INFO CommandSettings] Command 'configure': 'False'
[2023-07-06 10:38:43Z INFO CommandSettings] Command 'remove': 'False'
[2023-07-06 10:38:43Z INFO CommandSettings] Command 'warmup': 'False'
[2023-07-06 10:38:43Z INFO ConfigurationManager] LoadSettings
[2023-07-06 10:38:43Z INFO ConfigurationStore] IsConfigured()
[2023-07-06 10:38:43Z INFO ConfigurationStore] IsConfigured: True
[2023-07-06 10:38:43Z INFO ConfigurationManager] Is configured: True
[2023-07-06 10:38:43Z INFO ConfigurationStore] Read setting file: 290 chars
[2023-07-06 10:38:43Z INFO ConfigurationManager] Settings Loaded
[2023-07-06 10:38:43Z INFO ConfigurationStore] IsServiceConfigured()
[2023-07-06 10:38:43Z INFO ConfigurationStore] IsServiceConfigured: True
[2023-07-06 10:38:43Z INFO CommandSettings] Command 'run': 'True'
[2023-07-06 10:38:43Z INFO ConfigurationStore] IsConfigured()
[2023-07-06 10:38:43Z INFO ConfigurationStore] IsConfigured: True
[2023-07-06 10:38:43Z INFO ConfigurationManager] Is configured: True
[2023-07-06 10:38:43Z INFO Runner] Set runner startup type - Service
[2023-07-06 10:38:43Z INFO CommandSettings] Flag 'once': 'False'
[2023-07-06 10:38:43Z INFO CommandSettings] Flag 'once': 'False'
[2023-07-06 10:38:43Z INFO Runner] RunAsync
[2023-07-06 10:38:43Z INFO ConfigurationManager] LoadSettings
[2023-07-06 10:38:43Z INFO ConfigurationStore] IsConfigured()
[2023-07-06 10:38:43Z INFO ConfigurationStore] IsConfigured: True
[2023-07-06 10:38:43Z INFO ConfigurationManager] Is configured: True
[2023-07-06 10:38:43Z INFO ConfigurationManager] Settings Loaded
[2023-07-06 10:38:43Z INFO MessageListener] {
  "AgentId": 23,
  "AgentName": "self-hosted",
  "PoolId": 1,
  "PoolName": "Default",
  "ServerUrl": "https://pipelines.actions.githubusercontent.com/P5jhKlOA66ytK8yODlNmZhDVC0nW8GS9I4LCaUyN7hdifp9YPL",
  "GitHubUrl": "https://github.com/ruchir10/Test",
  "WorkFolder": "_work"
}
[2023-07-06 10:38:43Z INFO MessageListener] Loading Credentials
[2023-07-06 10:38:43Z INFO ConfigurationStore] HasCredentials()
[2023-07-06 10:38:43Z INFO ConfigurationStore] stored True
[2023-07-06 10:38:43Z INFO CredentialManager] GetCredentialProvider
[2023-07-06 10:38:43Z INFO CredentialManager] Creating type OAuth
[2023-07-06 10:38:43Z INFO CredentialManager] Creating credential type: OAuth
[2023-07-06 10:38:43Z INFO HostContext] Well known directory 'Bin': 'C:\Test\actions-runner\bin'
[2023-07-06 10:38:43Z INFO HostContext] Well known directory 'Root': 'C:\Test\actions-runner'
[2023-07-06 10:38:43Z INFO HostContext] Well known config file 'RSACredentials': 'C:\Test\actions-runner\.credentials_rsaparams'
[2023-07-06 10:38:43Z INFO RSAEncryptedFileKeyManager] Loading RSA key parameters from file C:\Test\actions-runner\.credentials_rsaparams
[2023-07-06 10:38:43Z INFO MessageListener] Attempt to create session.
[2023-07-06 10:38:43Z INFO MessageListener] Connecting to the Runner Server...
[2023-07-06 10:38:43Z INFO RunnerServer] EstablishVssConnection
[2023-07-06 10:38:43Z INFO RunnerServer] Establish connection with 100 seconds timeout.
[2023-07-06 10:38:43Z INFO GitHubActionsService] Starting operation Location.GetConnectionData
[2023-07-06 10:38:43Z INFO RunnerServer] EstablishVssConnection
[2023-07-06 10:38:43Z INFO RunnerServer] Establish connection with 60 seconds timeout.
[2023-07-06 10:38:43Z INFO GitHubActionsService] Starting operation Location.GetConnectionData
[2023-07-06 10:38:43Z INFO RunnerServer] EstablishVssConnection
[2023-07-06 10:38:43Z INFO RunnerServer] Establish connection with 60 seconds timeout.
[2023-07-06 10:38:43Z INFO GitHubActionsService] Starting operation Location.GetConnectionData
[2023-07-06 10:38:43Z INFO GitHubActionsService] Finished operation Location.GetConnectionData
[2023-07-06 10:38:44Z INFO GitHubActionsService] Finished operation Location.GetConnectionData
[2023-07-06 10:38:44Z INFO GitHubActionsService] Finished operation Location.GetConnectionData
[2023-07-06 10:38:44Z INFO MessageListener] VssConnection created
[2023-07-06 10:38:44Z INFO Terminal] WRITE LINE: 
[2023-07-06 10:38:44Z INFO Terminal] WRITE LINE: 
[2023-07-06 10:38:45Z INFO RSAEncryptedFileKeyManager] Loading RSA key parameters from file C:\Test\actions-runner\.credentials_rsaparams
[2023-07-06 10:38:45Z INFO RSAEncryptedFileKeyManager] Loading RSA key parameters from file C:\Test\actions-runner\.credentials_rsaparams
[2023-07-06 10:38:46Z INFO GitHubActionsService] AAD Correlation ID for this token request: Unknown
[2023-07-06 10:38:46Z INFO MessageListener] Session created.
[2023-07-06 10:38:46Z INFO Terminal] WRITE LINE: Current runner version: '2.305.0'
[2023-07-06 10:38:46Z INFO Terminal] WRITE LINE: 2023-07-06 10:38:46Z: Listening for Jobs
[2023-07-06 10:38:46Z INFO JobDispatcher] Set runner/worker IPC timeout to 30 seconds.
[2023-07-06 10:41:16Z INFO RSAEncryptedFileKeyManager] Loading RSA key parameters from file C:\Test\actions-runner\.credentials_rsaparams
[2023-07-06 10:41:16Z INFO MessageListener] Message '1' received from session '82632785-2284-42d9-a1d8-39971c05a1f8'.
[2023-07-06 10:41:16Z INFO Runner] Received job message of length 21909 from service, with hash '191299ee3d4fedda98008781fbf0a822c6648ff13fa4a1d66596741cc3fb90fc'
[2023-07-06 10:41:16Z INFO JobDispatcher] Job request 80 for plan 939353aa-ce49-4712-b07a-4d5c7da81ecc job f7c43188-113f-5ec7-ec29-fc5e85adccb9 received.
[2023-07-06 10:41:16Z INFO JobDispatcher] Pull OrchestrationId 939353aa-ce49-4712-b07a-4d5c7da81ecc.terraformtoteam.__default from JWT claims
[2023-07-06 10:41:16Z INFO Terminal] WRITE LINE: 2023-07-06 10:41:16Z: Running job: TerraformToTeam
[2023-07-06 10:41:16Z INFO JobDispatcher] Start renew job request 80 for job f7c43188-113f-5ec7-ec29-fc5e85adccb9.
[2023-07-06 10:41:17Z INFO JobDispatcher] Successfully renew job request 80, job is valid till 7/6/2023 10:51:17 AM
[2023-07-06 10:41:17Z INFO HostContext] Well known directory 'Bin': 'C:\Test\actions-runner\bin'
[2023-07-06 10:41:17Z INFO ProcessInvokerWrapper] Starting process:
[2023-07-06 10:41:17Z INFO ProcessInvokerWrapper]   File name: 'C:\Test\actions-runner\bin\Runner.Worker.exe'
[2023-07-06 10:41:17Z INFO ProcessInvokerWrapper]   Arguments: 'spawnclient 2360 2372'
[2023-07-06 10:41:17Z INFO ProcessInvokerWrapper]   Working directory: 'C:\Test\actions-runner\bin'
[2023-07-06 10:41:17Z INFO ProcessInvokerWrapper]   Require exit code zero: 'False'
[2023-07-06 10:41:17Z INFO ProcessInvokerWrapper]   Encoding web name:  ; code page: ''
[2023-07-06 10:41:17Z INFO ProcessInvokerWrapper]   Force kill process on cancellation: 'True'
[2023-07-06 10:41:17Z INFO ProcessInvokerWrapper]   Redirected STDIN: 'False'
[2023-07-06 10:41:17Z INFO ProcessInvokerWrapper]   Persist current code page: 'False'
[2023-07-06 10:41:17Z INFO ProcessInvokerWrapper]   Keep redirected STDIN open: 'False'
[2023-07-06 10:41:17Z INFO ProcessInvokerWrapper]   High priority process: 'True'
[2023-07-06 10:41:17Z INFO ProcessInvokerWrapper] Process started with process id 26932, waiting for process exit.
[2023-07-06 10:41:17Z INFO JobDispatcher] Send job request message to worker for job f7c43188-113f-5ec7-ec29-fc5e85adccb9.
[2023-07-06 10:41:17Z INFO ProcessChannel] Sending message of length 21878, with hash '2ba2499c7b350a330377e08426de197ef2573bf6582400bd76c559c01e7a0648'
[2023-07-06 10:41:17Z INFO JobNotification] Entering JobStarted Notification
[2023-07-06 10:41:17Z INFO JobNotification] Entering StartMonitor
[2023-07-06 10:42:06Z INFO ProcessInvokerWrapper] STDOUT/STDERR stream read finished.
[2023-07-06 10:42:06Z INFO ProcessInvokerWrapper] STDOUT/STDERR stream read finished.
[2023-07-06 10:42:06Z INFO ProcessInvokerWrapper] Finished process 26932 with exit code 102, and elapsed time 00:00:49.2458261.
[2023-07-06 10:42:06Z INFO JobDispatcher] Worker finished for job f7c43188-113f-5ec7-ec29-fc5e85adccb9. Code: 102
[2023-07-06 10:42:06Z INFO JobDispatcher] finish job request for job f7c43188-113f-5ec7-ec29-fc5e85adccb9 with result: Failed
[2023-07-06 10:42:06Z INFO Terminal] WRITE LINE: 2023-07-06 10:42:06Z: Job TerraformToTeam completed with result: Failed
[2023-07-06 10:42:06Z INFO JobDispatcher] Stop renew job request for job f7c43188-113f-5ec7-ec29-fc5e85adccb9.
[2023-07-06 10:42:06Z INFO JobDispatcher] job renew has been cancelled, stop renew job request 80.
[2023-07-06 10:42:06Z INFO JobNotification] Entering JobCompleted Notification
[2023-07-06 10:42:06Z INFO JobNotification] Entering EndMonitor
