[2023-07-10 05:33:49Z INFO HostContext] No proxy settings were found based on environmental variables (http_proxy/https_proxy/HTTP_PROXY/HTTPS_PROXY)
[2023-07-10 05:33:49Z INFO HostContext] Well known directory 'Bin': 'C:\Test\actions-runner\bin'
[2023-07-10 05:33:49Z INFO HostContext] Well known directory 'Root': 'C:\Test\actions-runner'
[2023-07-10 05:33:49Z INFO HostContext] Well known config file 'Credentials': 'C:\Test\actions-runner\.credentials'
[2023-07-10 05:33:49Z INFO HostContext] Well known directory 'Bin': 'C:\Test\actions-runner\bin'
[2023-07-10 05:33:49Z INFO HostContext] Well known directory 'Root': 'C:\Test\actions-runner'
[2023-07-10 05:33:49Z INFO HostContext] Well known config file 'Runner': 'C:\Test\actions-runner\.runner'
[2023-07-10 05:33:49Z INFO Listener] Runner is built for Windows (X64) - win-x64.
[2023-07-10 05:33:49Z INFO Listener] RuntimeInformation: Microsoft Windows 10.0.22621.
[2023-07-10 05:33:49Z INFO Listener] Version: 2.305.0
[2023-07-10 05:33:49Z INFO Listener] Commit: 6cbe663c239dba8a109c6ac2801b25f1ed7c51e9
[2023-07-10 05:33:49Z INFO Listener] Culture: en-US
[2023-07-10 05:33:49Z INFO Listener] UI Culture: en-US
[2023-07-10 05:33:49Z INFO HostContext] Well known directory 'Bin': 'C:\Test\actions-runner\bin'
[2023-07-10 05:33:49Z INFO HostContext] Well known directory 'Root': 'C:\Test\actions-runner'
[2023-07-10 05:33:49Z INFO Listener] Validating directory permissions for: 'C:\Test\actions-runner'
[2023-07-10 05:33:49Z INFO CommandLineParser] Parse
[2023-07-10 05:33:49Z INFO CommandLineParser] Parsing 3 args
[2023-07-10 05:33:49Z INFO CommandLineParser] parsing argument
[2023-07-10 05:33:49Z INFO CommandLineParser] HasArgs: False
[2023-07-10 05:33:49Z INFO CommandLineParser] Adding Command: run
[2023-07-10 05:33:49Z INFO CommandLineParser] parsing argument
[2023-07-10 05:33:49Z INFO CommandLineParser] HasArgs: True
[2023-07-10 05:33:49Z INFO CommandLineParser] arg: startuptype
[2023-07-10 05:33:49Z INFO CommandLineParser] parsing argument
[2023-07-10 05:33:49Z INFO CommandLineParser] HasArgs: True
[2023-07-10 05:33:49Z INFO CommandLineParser] Adding option 'startuptype': 'service'
[2023-07-10 05:33:49Z INFO Listener] Arguments parsed
[2023-07-10 05:33:49Z INFO Runner] ExecuteCommand
[2023-07-10 05:33:49Z INFO ConfigurationStore] currentAssemblyLocation: C:\Test\actions-runner\bin\Runner.Listener.dll
[2023-07-10 05:33:49Z INFO HostContext] Well known directory 'Bin': 'C:\Test\actions-runner\bin'
[2023-07-10 05:33:49Z INFO ConfigurationStore] binPath: C:\Test\actions-runner\bin
[2023-07-10 05:33:49Z INFO HostContext] Well known directory 'Bin': 'C:\Test\actions-runner\bin'
[2023-07-10 05:33:49Z INFO HostContext] Well known directory 'Root': 'C:\Test\actions-runner'
[2023-07-10 05:33:49Z INFO ConfigurationStore] RootFolder: C:\Test\actions-runner
[2023-07-10 05:33:49Z INFO HostContext] Well known directory 'Bin': 'C:\Test\actions-runner\bin'
[2023-07-10 05:33:49Z INFO HostContext] Well known directory 'Root': 'C:\Test\actions-runner'
[2023-07-10 05:33:49Z INFO HostContext] Well known config file 'Runner': 'C:\Test\actions-runner\.runner'
[2023-07-10 05:33:49Z INFO ConfigurationStore] ConfigFilePath: C:\Test\actions-runner\.runner
[2023-07-10 05:33:49Z INFO HostContext] Well known directory 'Bin': 'C:\Test\actions-runner\bin'
[2023-07-10 05:33:49Z INFO HostContext] Well known directory 'Root': 'C:\Test\actions-runner'
[2023-07-10 05:33:49Z INFO HostContext] Well known config file 'Credentials': 'C:\Test\actions-runner\.credentials'
[2023-07-10 05:33:49Z INFO ConfigurationStore] CredFilePath: C:\Test\actions-runner\.credentials
[2023-07-10 05:33:49Z INFO HostContext] Well known directory 'Bin': 'C:\Test\actions-runner\bin'
[2023-07-10 05:33:49Z INFO HostContext] Well known directory 'Root': 'C:\Test\actions-runner'
[2023-07-10 05:33:49Z INFO HostContext] Well known config file 'MigratedCredentials': 'C:\Test\actions-runner\.credentials_migrated'
[2023-07-10 05:33:49Z INFO ConfigurationStore] MigratedCredFilePath: C:\Test\actions-runner\.credentials_migrated
[2023-07-10 05:33:49Z INFO HostContext] Well known directory 'Bin': 'C:\Test\actions-runner\bin'
[2023-07-10 05:33:49Z INFO HostContext] Well known directory 'Root': 'C:\Test\actions-runner'
[2023-07-10 05:33:49Z INFO HostContext] Well known config file 'Service': 'C:\Test\actions-runner\.service'
[2023-07-10 05:33:49Z INFO ConfigurationStore] ServiceConfigFilePath: C:\Test\actions-runner\.service
[2023-07-10 05:33:49Z INFO CommandSettings] Flag 'help': 'False'
[2023-07-10 05:33:49Z INFO CommandSettings] Flag 'version': 'False'
[2023-07-10 05:33:49Z INFO CommandSettings] Flag 'commit': 'False'
[2023-07-10 05:33:49Z INFO CommandSettings] Flag 'check': 'False'
[2023-07-10 05:33:49Z INFO CommandSettings] Command 'configure': 'False'
[2023-07-10 05:33:49Z INFO CommandSettings] Command 'remove': 'False'
[2023-07-10 05:33:49Z INFO CommandSettings] Command 'warmup': 'False'
[2023-07-10 05:33:49Z INFO ConfigurationManager] LoadSettings
[2023-07-10 05:33:49Z INFO ConfigurationStore] IsConfigured()
[2023-07-10 05:33:49Z INFO ConfigurationStore] IsConfigured: True
[2023-07-10 05:33:49Z INFO ConfigurationManager] Is configured: True
[2023-07-10 05:33:49Z INFO ConfigurationStore] Read setting file: 290 chars
[2023-07-10 05:33:49Z INFO ConfigurationManager] Settings Loaded
[2023-07-10 05:33:49Z INFO ConfigurationStore] IsServiceConfigured()
[2023-07-10 05:33:49Z INFO ConfigurationStore] IsServiceConfigured: True
[2023-07-10 05:33:49Z INFO CommandSettings] Command 'run': 'True'
[2023-07-10 05:33:49Z INFO ConfigurationStore] IsConfigured()
[2023-07-10 05:33:49Z INFO ConfigurationStore] IsConfigured: True
[2023-07-10 05:33:49Z INFO ConfigurationManager] Is configured: True
[2023-07-10 05:33:49Z INFO Runner] Set runner startup type - Service
[2023-07-10 05:33:49Z INFO CommandSettings] Flag 'once': 'False'
[2023-07-10 05:33:49Z INFO CommandSettings] Flag 'once': 'False'
[2023-07-10 05:33:49Z INFO Runner] RunAsync
[2023-07-10 05:33:49Z INFO ConfigurationManager] LoadSettings
[2023-07-10 05:33:49Z INFO ConfigurationStore] IsConfigured()
[2023-07-10 05:33:49Z INFO ConfigurationStore] IsConfigured: True
[2023-07-10 05:33:49Z INFO ConfigurationManager] Is configured: True
[2023-07-10 05:33:49Z INFO ConfigurationManager] Settings Loaded
[2023-07-10 05:33:49Z INFO MessageListener] {
  "AgentId": 23,
  "AgentName": "self-hosted",
  "PoolId": 1,
  "PoolName": "Default",
  "ServerUrl": "https://pipelines.actions.githubusercontent.com/P5jhKlOA66ytK8yODlNmZhDVC0nW8GS9I4LCaUyN7hdifp9YPL",
  "GitHubUrl": "https://github.com/ruchir10/Test",
  "WorkFolder": "_work"
}
[2023-07-10 05:33:49Z INFO MessageListener] Loading Credentials
[2023-07-10 05:33:49Z INFO ConfigurationStore] HasCredentials()
[2023-07-10 05:33:49Z INFO ConfigurationStore] stored True
[2023-07-10 05:33:49Z INFO CredentialManager] GetCredentialProvider
[2023-07-10 05:33:49Z INFO CredentialManager] Creating type OAuth
[2023-07-10 05:33:49Z INFO CredentialManager] Creating credential type: OAuth
[2023-07-10 05:33:49Z INFO HostContext] Well known directory 'Bin': 'C:\Test\actions-runner\bin'
[2023-07-10 05:33:49Z INFO HostContext] Well known directory 'Root': 'C:\Test\actions-runner'
[2023-07-10 05:33:49Z INFO HostContext] Well known config file 'RSACredentials': 'C:\Test\actions-runner\.credentials_rsaparams'
[2023-07-10 05:33:49Z INFO RSAEncryptedFileKeyManager] Loading RSA key parameters from file C:\Test\actions-runner\.credentials_rsaparams
[2023-07-10 05:33:49Z INFO MessageListener] Attempt to create session.
[2023-07-10 05:33:49Z INFO MessageListener] Connecting to the Runner Server...
[2023-07-10 05:33:49Z INFO RunnerServer] EstablishVssConnection
[2023-07-10 05:33:49Z INFO RunnerServer] Establish connection with 100 seconds timeout.
[2023-07-10 05:33:49Z INFO GitHubActionsService] Starting operation Location.GetConnectionData
[2023-07-10 05:33:49Z INFO RunnerServer] EstablishVssConnection
[2023-07-10 05:33:49Z INFO RunnerServer] Establish connection with 60 seconds timeout.
[2023-07-10 05:33:49Z INFO GitHubActionsService] Starting operation Location.GetConnectionData
[2023-07-10 05:33:49Z INFO RunnerServer] EstablishVssConnection
[2023-07-10 05:33:49Z INFO RunnerServer] Establish connection with 60 seconds timeout.
[2023-07-10 05:33:49Z INFO GitHubActionsService] Starting operation Location.GetConnectionData
[2023-07-10 05:33:50Z INFO GitHubActionsService] Finished operation Location.GetConnectionData
[2023-07-10 05:33:50Z INFO GitHubActionsService] Finished operation Location.GetConnectionData
[2023-07-10 05:33:50Z INFO GitHubActionsService] Finished operation Location.GetConnectionData
[2023-07-10 05:33:50Z INFO MessageListener] VssConnection created
[2023-07-10 05:33:50Z INFO Terminal] WRITE LINE: 
[2023-07-10 05:33:50Z INFO Terminal] WRITE LINE: 
[2023-07-10 05:33:50Z INFO RSAEncryptedFileKeyManager] Loading RSA key parameters from file C:\Test\actions-runner\.credentials_rsaparams
[2023-07-10 05:33:50Z INFO RSAEncryptedFileKeyManager] Loading RSA key parameters from file C:\Test\actions-runner\.credentials_rsaparams
[2023-07-10 05:33:51Z INFO GitHubActionsService] AAD Correlation ID for this token request: Unknown
[2023-07-10 05:33:51Z INFO MessageListener] Session created.
[2023-07-10 05:33:51Z INFO Terminal] WRITE LINE: Current runner version: '2.305.0'
[2023-07-10 05:33:51Z INFO Terminal] WRITE LINE: 2023-07-10 05:33:51Z: Listening for Jobs
[2023-07-10 05:33:51Z INFO JobDispatcher] Set runner/worker IPC timeout to 30 seconds.
