[2023-07-06 11:12:56Z INFO HostContext] No proxy settings were found based on environmental variables (http_proxy/https_proxy/HTTP_PROXY/HTTPS_PROXY)
[2023-07-06 11:12:56Z INFO HostContext] Well known directory 'Bin': 'C:\Test\actions-runner\bin'
[2023-07-06 11:12:56Z INFO HostContext] Well known directory 'Root': 'C:\Test\actions-runner'
[2023-07-06 11:12:56Z INFO HostContext] Well known config file 'Credentials': 'C:\Test\actions-runner\.credentials'
[2023-07-06 11:12:56Z INFO HostContext] Well known directory 'Bin': 'C:\Test\actions-runner\bin'
[2023-07-06 11:12:56Z INFO HostContext] Well known directory 'Root': 'C:\Test\actions-runner'
[2023-07-06 11:12:56Z INFO HostContext] Well known config file 'Runner': 'C:\Test\actions-runner\.runner'
[2023-07-06 11:12:56Z INFO Worker] Version: 2.305.0
[2023-07-06 11:12:56Z INFO Worker] Commit: 6cbe663c239dba8a109c6ac2801b25f1ed7c51e9
[2023-07-06 11:12:56Z INFO Worker] Culture: en-US
[2023-07-06 11:12:56Z INFO Worker] UI Culture: en-US
[2023-07-06 11:12:56Z INFO Worker] Waiting to receive the job message from the channel.
[2023-07-06 11:12:56Z INFO ProcessChannel] Receiving message of length 21061, with hash '4fff1b35c29f8f3280d416c0bf5b7d535b155a2970de018e95b033b5fe489e5c'
[2023-07-06 11:12:56Z INFO Worker] Message received.
[2023-07-06 11:12:56Z INFO Worker] Job message:
 {
  "environmentVariables": [
    {
      "type": 2,
      "file": 1,
      "line": 33,
      "col": 7,
      "map": [
        {
          "key": {
            "type": 0,
            "file": 1,
            "line": 33,
            "col": 7,
            "lit": "TARGET"
          },
          "value": {
            "type": 0,
            "file": 1,
            "line": 33,
            "col": 15,
            "lit": "team"
          }
        }
      ]
    }
  ],
  "fileTable": [
    ".github/workflows/workflow.yaml"
  ],
  "mask": [
    {
      "type": "regex",
      "value": "***"
    },
    {
      "type": "regex",
      "value": "***"
    },
    {
      "type": "regex",
      "value": "***"
    },
    {
      "type": "regex",
      "value": "***"
    },
    {
      "type": "regex",
      "value": "***"
    },
    {
      "type": "regex",
      "value": "***"
    },
    {
      "type": "regex",
      "value": "***"
    },
    {
      "type": "regex",
      "value": "***"
    },
    {
      "type": "regex",
      "value": "***"
    },
    {
      "type": "regex",
      "value": "***"
    }
  ],
  "steps": [
    {
      "type": "action",
      "reference": {
        "type": "script"
      },
      "displayNameToken": {
        "type": 0,
        "file": 1,
        "line": 36,
        "col": 15,
        "lit": "Terraform Common"
      },
      "contextName": "__run",
      "inputs": {
        "type": 2,
        "map": [
          {
            "key": "script",
            "value": {
              "type": 3,
              "file": 1,
              "line": 37,
              "col": 14,
              "expr": "format('\necho \"Running Terraform Common\"\necho \"AWS_ACCESS_KEY_ID={0}\"\necho \"AWS_SECRET_ACCESS_KEY={1}\"\necho \"ENVIRONMENT=common\"\n', secrets.AWS_ACCESS_KEY_ID, secrets.AWS_SECRET_ACCESS_KEY)"
            }
          }
        ]
      },
      "condition": "success()",
      "id": "0ce36613-98ec-5c16-5059-83c963f283eb",
      "name": "__run"
    },
    {
      "type": "action",
      "reference": {
        "type": "script"
      },
      "displayNameToken": {
        "type": 0,
        "file": 1,
        "line": 44,
        "col": 15,
        "lit": "Terraform Environment"
      },
      "contextName": "__run_2",
      "inputs": {
        "type": 2,
        "map": [
          {
            "key": "script",
            "value": {
              "type": 3,
              "file": 1,
              "line": 45,
              "col": 14,
              "expr": "format('\necho \"Running Terraform Environment\"\necho \"AWS_ACCESS_KEY_ID={0}\"\necho \"AWS_SECRET_ACCESS_KEY={1}\"\necho \"ENVIRONMENT={2}\"\n', secrets.AWS_ACCESS_KEY_ID, secrets.AWS_SECRET_ACCESS_KEY, env.TARGET)"
            }
          }
        ]
      },
      "condition": "success()",
      "id": "bbd9ce47-56ee-5a10-5972-6548962c29b0",
      "name": "__run_2"
    }
  ],
  "variables": {
    "AWS_ACCESS_KEY_ID": {
      "value": "***",
      "isSecret": true
    },
    "AWS_SECRET_ACCESS_KEY": {
      "value": "***",
      "isSecret": true
    },
    "system.isScheduled": {
      "value": "False"
    },
    "system.servertype": {
      "value": "Hosted"
    },
    "system.culture": {
      "value": ""
    },
    "system.pipelineStartTime": {
      "value": "2023-07-06 11:12:52+00:00"
    },
    "system.runner.lowdiskspacethreshold": {
      "value": "100"
    },
    "DistributedTask.NewActionMetadata": {
      "value": "true"
    },
    "DistributedTask.EnableCompositeActions": {
      "value": "true"
    },
    "DistributedTask.EnhancedAnnotations": {
      "value": "true"
    },
    "DistributedTask.UploadStepSummary": {
      "value": "true"
    },
    "DistributedTask.ForceGithubJavascriptActionsToNode16": {
      "value": "true"
    },
    "DistributedTask.AddWarningToNode12Action": {
      "value": "true"
    },
    "DistributedTask.AllowRunnerContainerHooks": {
      "value": "true"
    },
    "DistributedTask.DeprecateStepOutputCommands": {
      "value": "true"
    },
    "system.teamProjectId": {
      "value": "00000000-0000-0000-0000-000000000000"
    },
    "build.buildId": {
      "value": "81"
    },
    "build.containerId": {
      "value": "4635986"
    },
    "system.workflowFilePath": {
      "value": ".github/workflows/workflow.yaml"
    },
    "system.phaseDisplayName": {
      "value": "TerraformToTeam"
    },
    "system.phaseId": {
      "value": "8cfd90fb-7a5f-59d0-bbfe-2cbe60245fd1"
    },
    "system.phaseName": {
      "value": "TerraformToTeam"
    },
    "system.phaseAttempt": {
      "value": "1"
    },
    "system.jobIdentifier": {
      "value": "TerraformToTeam.__default"
    },
    "system.jobAttempt": {
      "value": "1"
    },
    "System.JobPositionInPhase": {
      "value": "1"
    },
    "System.TotalJobsInPhase": {
      "value": "1"
    },
    "system.github.job": {
      "value": "TerraformToTeam"
    },
    "system.jobDisplayName": {
      "value": "TerraformToTeam"
    },
    "system.jobId": {
      "value": "f7c43188-113f-5ec7-ec29-fc5e85adccb9"
    },
    "system.jobName": {
      "value": "__default"
    },
    "system.github.token.permissions": {
      "value": "{\"Contents\":\"read\",\"Metadata\":\"read\",\"Packages\":\"read\"}"
    },
    "system.github.token": {
      "value": "***",
      "isSecret": true
    },
    "system.runnerEnvironment": {
      "value": "self-hosted"
    },
    "system.orchestrationId": {
      "value": "ea27600f-11f2-4bfc-a9fa-c7b83195cca8.terraformtoteam.__default"
    },
    "system.runnerGroupName": {
      "value": "Default"
    }
  },
  "messageType": "PipelineAgentJobRequest",
  "plan": {
    "scopeIdentifier": "00000000-0000-0000-0000-000000000000",
    "planType": "Actions",
    "version": 31,
    "planId": "ea27600f-11f2-4bfc-a9fa-c7b83195cca8",
    "planGroup": "Actions:00000000-0000-0000-0000-000000000000:1",
    "artifactUri": "vstfs:///Build/Build/81",
    "artifactLocation": null,
    "definition": {
      "_links": {},
      "id": 3,
      "name": "Test"
    },
    "owner": {
      "_links": {},
      "id": 3,
      "name": "ruchir10"
    }
  },
  "timeline": {
    "id": "ea27600f-11f2-4bfc-a9fa-c7b83195cca8",
    "changeId": 0,
    "location": null
  },
  "jobId": "f7c43188-113f-5ec7-ec29-fc5e85adccb9",
  "jobDisplayName": "TerraformToTeam",
  "jobName": "__default",
  "requestId": 88,
  "lockedUntil": "0001-01-01T00:00:00",
  "resources": {
    "endpoints": [
      {
        "data": {
          "ServerId": "b31ebca9-f91b-4b8c-a32b-2cccf5dafee9",
          "ServerName": "P5jhKlOA66ytK8yODlNmZhDVC0nW8GS9I4LCaUyN7hdifp9YPL",
          "CacheServerUrl": "https://artifactcache.actions.githubusercontent.com/P5jhKlOA66ytK8yODlNmZhDVC0nW8GS9I4LCaUyN7hdifp9YPL/",
          "FeedStreamUrl": "https://pipelines.actions.githubusercontent.com/P5jhKlOA66ytK8yODlNmZhDVC0nW8GS9I4LCaUyN7hdifp9YPL/00000000-0000-0000-0000-000000000000/_apis/distributedtask/hubs/Actions/plans/ea27600f-11f2-4bfc-a9fa-c7b83195cca8/timelines/ea27600f-11f2-4bfc-a9fa-c7b83195cca8/records/f7c43188-113f-5ec7-ec29-fc5e85adccb9/feedstream?api-version=6.0-preview"
        },
        "name": "SystemVssConnection",
        "url": "https://pipelines.actions.githubusercontent.com/P5jhKlOA66ytK8yODlNmZhDVC0nW8GS9I4LCaUyN7hdifp9YPL/",
        "authorization": {
          "parameters": {
            "AccessToken": ***
          },
          "scheme": "OAuth"
        },
        "isShared": false,
        "isReady": true
      }
    ]
  },
  "contextData": {
    "github": {
      "t": 2,
      "d": [
        {
          "k": "ref",
          "v": "refs/heads/main"
        },
        {
          "k": "sha",
          "v": "6c4a32b56f265f2e7988e5878bac45ea59bc6b78"
        },
        {
          "k": "repository",
          "v": "ruchir10/Test"
        },
        {
          "k": "repository_owner",
          "v": "ruchir10"
        },
        {
          "k": "repository_owner_id",
          "v": "71547967"
        },
        {
          "k": "repositoryUrl",
          "v": "git://github.com/ruchir10/Test.git"
        },
        {
          "k": "run_id",
          "v": "5474768426"
        },
        {
          "k": "run_number",
          "v": "91"
        },
        {
          "k": "retention_days",
          "v": "90"
        },
        {
          "k": "run_attempt",
          "v": "1"
        },
        {
          "k": "artifact_cache_size_limit",
          "v": "10"
        },
        {
          "k": "repository_visibility",
          "v": "public"
        },
        {
          "k": "repo-self-hosted-runners-disabled",
          "v": false
        },
        {
          "k": "repository_id",
          "v": "656042973"
        },
        {
          "k": "actor_id",
          "v": "71547967"
        },
        {
          "k": "actor",
          "v": "ruchir10"
        },
        {
          "k": "triggering_actor",
          "v": "ruchir10"
        },
        {
          "k": "workflow",
          "v": "Sync S3 with GitHub"
        },
        {
          "k": "head_ref",
          "v": ""
        },
        {
          "k": "base_ref",
          "v": ""
        },
        {
          "k": "event_name",
          "v": "push"
        },
        {
          "k": "event",
          "v": {
            "t": 2,
            "d": [
              {
                "k": "after",
                "v": "6c4a32b56f265f2e7988e5878bac45ea59bc6b78"
              },
              {
                "k": "base_ref",
                "v": null
              },
              {
                "k": "before",
                "v": "1322b628cdc85fcece251ac4d5727f31188013f6"
              },
              {
                "k": "commits",
                "v": {
                  "t": 1,
                  "a": [
                    {
                      "t": 2,
                      "d": [
                        {
                          "k": "author",
                          "v": {
                            "t": 2,
                            "d": [
                              {
                                "k": "email",
                                "v": "ruchir031198@gmail.com"
                              },
                              {
                                "k": "name",
                                "v": "ruchir"
                              },
                              {
                                "k": "username",
                                "v": "ruchir10"
                              }
                            ]
                          }
                        },
                        {
                          "k": "committer",
                          "v": {
                            "t": 2,
                            "d": [
                              {
                                "k": "email",
                                "v": "ruchir031198@gmail.com"
                              },
                              {
                                "k": "name",
                                "v": "ruchir"
                              },
                              {
                                "k": "username",
                                "v": "ruchir10"
                              }
                            ]
                          }
                        },
                        {
                          "k": "distinct",
                          "v": true
                        },
                        {
                          "k": "id",
                          "v": "6c4a32b56f265f2e7988e5878bac45ea59bc6b78"
                        },
                        {
                          "k": "message",
                          "v": "Update"
                        },
                        {
                          "k": "timestamp",
                          "v": "2023-07-06T16:42:08+05:30"
                        },
                        {
                          "k": "tree_id",
                          "v": "9590839e768e360eb465d5ea9c57d61548815ab7"
                        },
                        {
                          "k": "url",
                          "v": "https://github.com/ruchir10/Test/commit/6c4a32b56f265f2e7988e5878bac45ea59bc6b78"
                        }
                      ]
                    }
                  ]
                }
              },
              {
                "k": "compare",
                "v": "https://github.com/ruchir10/Test/compare/1322b628cdc8...6c4a32b56f26"
              },
              {
                "k": "created",
                "v": false
              },
              {
                "k": "deleted",
                "v": false
              },
              {
                "k": "forced",
                "v": false
              },
              {
                "k": "head_commit",
                "v": {
                  "t": 2,
                  "d": [
                    {
                      "k": "author",
                      "v": {
                        "t": 2,
                        "d": [
                          {
                            "k": "email",
                            "v": "ruchir031198@gmail.com"
                          },
                          {
                            "k": "name",
                            "v": "ruchir"
                          },
                          {
                            "k": "username",
                            "v": "ruchir10"
                          }
                        ]
                      }
                    },
                    {
                      "k": "committer",
                      "v": {
                        "t": 2,
                        "d": [
                          {
                            "k": "email",
                            "v": "ruchir031198@gmail.com"
                          },
                          {
                            "k": "name",
                            "v": "ruchir"
                          },
                          {
                            "k": "username",
                            "v": "ruchir10"
                          }
                        ]
                      }
                    },
                    {
                      "k": "distinct",
                      "v": true
                    },
                    {
                      "k": "id",
                      "v": "6c4a32b56f265f2e7988e5878bac45ea59bc6b78"
                    },
                    {
                      "k": "message",
                      "v": "Update"
                    },
                    {
                      "k": "timestamp",
                      "v": "2023-07-06T16:42:08+05:30"
                    },
                    {
                      "k": "tree_id",
                      "v": "9590839e768e360eb465d5ea9c57d61548815ab7"
                    },
                    {
                      "k": "url",
                      "v": "https://github.com/ruchir10/Test/commit/6c4a32b56f265f2e7988e5878bac45ea59bc6b78"
                    }
                  ]
                }
              },
              {
                "k": "pusher",
                "v": {
                  "t": 2,
                  "d": [
                    {
                      "k": "email",
                      "v": "71547967+ruchir10@users.noreply.github.com"
                    },
                    {
                      "k": "name",
                      "v": "ruchir10"
                    }
                  ]
                }
              },
              {
                "k": "ref",
                "v": "refs/heads/main"
              },
              {
                "k": "repository",
                "v": {
                  "t": 2,
                  "d": [
                    {
                      "k": "allow_forking",
                      "v": true
                    },
                    {
                      "k": "archive_url",
                      "v": "https://api.github.com/repos/ruchir10/Test/{archive_format}{/ref}"
                    },
                    {
                      "k": "archived",
                      "v": false
                    },
                    {
                      "k": "assignees_url",
                      "v": "https://api.github.com/repos/ruchir10/Test/assignees{/user}"
                    },
                    {
                      "k": "blobs_url",
                      "v": "https://api.github.com/repos/ruchir10/Test/git/blobs{/sha}"
                    },
                    {
                      "k": "branches_url",
                      "v": "https://api.github.com/repos/ruchir10/Test/branches{/branch}"
                    },
                    {
                      "k": "clone_url",
                      "v": "https://github.com/ruchir10/Test.git"
                    },
                    {
                      "k": "collaborators_url",
                      "v": "https://api.github.com/repos/ruchir10/Test/collaborators{/collaborator}"
                    },
                    {
                      "k": "comments_url",
                      "v": "https://api.github.com/repos/ruchir10/Test/comments{/number}"
                    },
                    {
                      "k": "commits_url",
                      "v": "https://api.github.com/repos/ruchir10/Test/commits{/sha}"
                    },
                    {
                      "k": "compare_url",
                      "v": "https://api.github.com/repos/ruchir10/Test/compare/{base}...{head}"
                    },
                    {
                      "k": "contents_url",
                      "v": "https://api.github.com/repos/ruchir10/Test/contents/{+path}"
                    },
                    {
                      "k": "contributors_url",
                      "v": "https://api.github.com/repos/ruchir10/Test/contributors"
                    },
                    {
                      "k": "created_at",
                      "v": 1687243151.0
                    },
                    {
                      "k": "default_branch",
                      "v": "main"
                    },
                    {
                      "k": "deployments_url",
                      "v": "https://api.github.com/repos/ruchir10/Test/deployments"
                    },
                    {
                      "k": "description",
                      "v": null
                    },
                    {
                      "k": "disabled",
                      "v": false
                    },
                    {
                      "k": "downloads_url",
                      "v": "https://api.github.com/repos/ruchir10/Test/downloads"
                    },
                    {
                      "k": "events_url",
                      "v": "https://api.github.com/repos/ruchir10/Test/events"
                    },
                    {
                      "k": "fork",
                      "v": false
                    },
                    {
                      "k": "forks",
                      "v": 0.0
                    },
                    {
                      "k": "forks_count",
                      "v": 0.0
                    },
                    {
                      "k": "forks_url",
                      "v": "https://api.github.com/repos/ruchir10/Test/forks"
                    },
                    {
                      "k": "full_name",
                      "v": "ruchir10/Test"
                    },
                    {
                      "k": "git_commits_url",
                      "v": "https://api.github.com/repos/ruchir10/Test/git/commits{/sha}"
                    },
                    {
                      "k": "git_refs_url",
                      "v": "https://api.github.com/repos/ruchir10/Test/git/refs{/sha}"
                    },
                    {
                      "k": "git_tags_url",
                      "v": "https://api.github.com/repos/ruchir10/Test/git/tags{/sha}"
                    },
                    {
                      "k": "git_url",
                      "v": "git://github.com/ruchir10/Test.git"
                    },
                    {
                      "k": "has_discussions",
                      "v": false
                    },
                    {
                      "k": "has_downloads",
                      "v": true
                    },
                    {
                      "k": "has_issues",
                      "v": true
                    },
                    {
                      "k": "has_pages",
                      "v": false
                    },
                    {
                      "k": "has_projects",
                      "v": true
                    },
                    {
                      "k": "has_wiki",
                      "v": true
                    },
                    {
                      "k": "homepage",
                      "v": null
                    },
                    {
                      "k": "hooks_url",
                      "v": "https://api.github.com/repos/ruchir10/Test/hooks"
                    },
                    {
                      "k": "html_url",
                      "v": "https://github.com/ruchir10/Test"
                    },
                    {
                      "k": "id",
                      "v": 656042973.0
                    },
                    {
                      "k": "is_template",
                      "v": false
                    },
                    {
                      "k": "issue_comment_url",
                      "v": "https://api.github.com/repos/ruchir10/Test/issues/comments{/number}"
                    },
                    {
                      "k": "issue_events_url",
                      "v": "https://api.github.com/repos/ruchir10/Test/issues/events{/number}"
                    },
                    {
                      "k": "issues_url",
                      "v": "https://api.github.com/repos/ruchir10/Test/issues{/number}"
                    },
                    {
                      "k": "keys_url",
                      "v": "https://api.github.com/repos/ruchir10/Test/keys{/key_id}"
                    },
                    {
                      "k": "labels_url",
                      "v": "https://api.github.com/repos/ruchir10/Test/labels{/name}"
                    },
                    {
                      "k": "language",
                      "v": "JavaScript"
                    },
                    {
                      "k": "languages_url",
                      "v": "https://api.github.com/repos/ruchir10/Test/languages"
                    },
                    {
                      "k": "license",
                      "v": null
                    },
                    {
                      "k": "master_branch",
                      "v": "main"
                    },
                    {
                      "k": "merges_url",
                      "v": "https://api.github.com/repos/ruchir10/Test/merges"
                    },
                    {
                      "k": "milestones_url",
                      "v": "https://api.github.com/repos/ruchir10/Test/milestones{/number}"
                    },
                    {
                      "k": "mirror_url",
                      "v": null
                    },
                    {
                      "k": "name",
                      "v": "Test"
                    },
                    {
                      "k": "node_id",
                      "v": "R_kgDOJxpr3Q"
                    },
                    {
                      "k": "notifications_url",
                      "v": "https://api.github.com/repos/ruchir10/Test/notifications{?since,all,participating}"
                    },
                    {
                      "k": "open_issues",
                      "v": 0.0
                    },
                    {
                      "k": "open_issues_count",
                      "v": 0.0
                    },
                    {
                      "k": "owner",
                      "v": {
                        "t": 2,
                        "d": [
                          {
                            "k": "avatar_url",
                            "v": "https://avatars.githubusercontent.com/u/71547967?v=4"
                          },
                          {
                            "k": "email",
                            "v": "71547967+ruchir10@users.noreply.github.com"
                          },
                          {
                            "k": "events_url",
                            "v": "https://api.github.com/users/ruchir10/events{/privacy}"
                          },
                          {
                            "k": "followers_url",
                            "v": "https://api.github.com/users/ruchir10/followers"
                          },
                          {
                            "k": "following_url",
                            "v": "https://api.github.com/users/ruchir10/following{/other_user}"
                          },
                          {
                            "k": "gists_url",
                            "v": "https://api.github.com/users/ruchir10/gists{/gist_id}"
                          },
                          {
                            "k": "gravatar_id",
                            "v": ""
                          },
                          {
                            "k": "html_url",
                            "v": "https://github.com/ruchir10"
                          },
                          {
                            "k": "id",
                            "v": 71547967.0
                          },
                          {
                            "k": "login",
                            "v": "ruchir10"
                          },
                          {
                            "k": "name",
                            "v": "ruchir10"
                          },
                          {
                            "k": "node_id",
                            "v": "MDQ6VXNlcjcxNTQ3OTY3"
                          },
                          {
                            "k": "organizations_url",
                            "v": "https://api.github.com/users/ruchir10/orgs"
                          },
                          {
                            "k": "received_events_url",
                            "v": "https://api.github.com/users/ruchir10/received_events"
                          },
                          {
                            "k": "repos_url",
                            "v": "https://api.github.com/users/ruchir10/repos"
                          },
                          {
                            "k": "site_admin",
                            "v": false
                          },
                          {
                            "k": "starred_url",
                            "v": "https://api.github.com/users/ruchir10/starred{/owner}{/repo}"
                          },
                          {
                            "k": "subscriptions_url",
                            "v": "https://api.github.com/users/ruchir10/subscriptions"
                          },
                          {
                            "k": "type",
                            "v": "User"
                          },
                          {
                            "k": "url",
                            "v": "https://api.github.com/users/ruchir10"
                          }
                        ]
                      }
                    },
                    {
                      "k": "private",
                      "v": false
                    },
                    {
                      "k": "pulls_url",
                      "v": "https://api.github.com/repos/ruchir10/Test/pulls{/number}"
                    },
                    {
                      "k": "pushed_at",
                      "v": 1688641935.0
                    },
                    {
                      "k": "releases_url",
                      "v": "https://api.github.com/repos/ruchir10/Test/releases{/id}"
                    },
                    {
                      "k": "size",
                      "v": 146472.0
                    },
                    {
                      "k": "ssh_url",
                      "v": "git@github.com:ruchir10/Test.git"
                    },
                    {
                      "k": "stargazers",
                      "v": 0.0
                    },
                    {
                      "k": "stargazers_count",
                      "v": 0.0
                    },
                    {
                      "k": "stargazers_url",
                      "v": "https://api.github.com/repos/ruchir10/Test/stargazers"
                    },
                    {
                      "k": "statuses_url",
                      "v": "https://api.github.com/repos/ruchir10/Test/statuses/{sha}"
                    },
                    {
                      "k": "subscribers_url",
                      "v": "https://api.github.com/repos/ruchir10/Test/subscribers"
                    },
                    {
                      "k": "subscription_url",
                      "v": "https://api.github.com/repos/ruchir10/Test/subscription"
                    },
                    {
                      "k": "svn_url",
                      "v": "https://github.com/ruchir10/Test"
                    },
                    {
                      "k": "tags_url",
                      "v": "https://api.github.com/repos/ruchir10/Test/tags"
                    },
                    {
                      "k": "teams_url",
                      "v": "https://api.github.com/repos/ruchir10/Test/teams"
                    },
                    {
                      "k": "topics",
                      "v": {
                        "t": 1
                      }
                    },
                    {
                      "k": "trees_url",
                      "v": "https://api.github.com/repos/ruchir10/Test/git/trees{/sha}"
                    },
                    {
                      "k": "updated_at",
                      "v": "2023-07-06T10:06:32Z"
                    },
                    {
                      "k": "url",
                      "v": "https://github.com/ruchir10/Test"
                    },
                    {
                      "k": "visibility",
                      "v": "public"
                    },
                    {
                      "k": "watchers",
                      "v": 0.0
                    },
                    {
                      "k": "watchers_count",
                      "v": 0.0
                    },
                    {
                      "k": "web_commit_signoff_required",
                      "v": false
                    }
                  ]
                }
              },
              {
                "k": "sender",
                "v": {
                  "t": 2,
                  "d": [
                    {
                      "k": "avatar_url",
                      "v": "https://avatars.githubusercontent.com/u/71547967?v=4"
                    },
                    {
                      "k": "events_url",
                      "v": "https://api.github.com/users/ruchir10/events{/privacy}"
                    },
                    {
                      "k": "followers_url",
                      "v": "https://api.github.com/users/ruchir10/followers"
                    },
                    {
                      "k": "following_url",
                      "v": "https://api.github.com/users/ruchir10/following{/other_user}"
                    },
                    {
                      "k": "gists_url",
                      "v": "https://api.github.com/users/ruchir10/gists{/gist_id}"
                    },
                    {
                      "k": "gravatar_id",
                      "v": ""
                    },
                    {
                      "k": "html_url",
                      "v": "https://github.com/ruchir10"
                    },
                    {
                      "k": "id",
                      "v": 71547967.0
                    },
                    {
                      "k": "login",
                      "v": "ruchir10"
                    },
                    {
                      "k": "node_id",
                      "v": "MDQ6VXNlcjcxNTQ3OTY3"
                    },
                    {
                      "k": "organizations_url",
                      "v": "https://api.github.com/users/ruchir10/orgs"
                    },
                    {
                      "k": "received_events_url",
                      "v": "https://api.github.com/users/ruchir10/received_events"
                    },
                    {
                      "k": "repos_url",
                      "v": "https://api.github.com/users/ruchir10/repos"
                    },
                    {
                      "k": "site_admin",
                      "v": false
                    },
                    {
                      "k": "starred_url",
                      "v": "https://api.github.com/users/ruchir10/starred{/owner}{/repo}"
                    },
                    {
                      "k": "subscriptions_url",
                      "v": "https://api.github.com/users/ruchir10/subscriptions"
                    },
                    {
                      "k": "type",
                      "v": "User"
                    },
                    {
                      "k": "url",
                      "v": "https://api.github.com/users/ruchir10"
                    }
                  ]
                }
              }
            ]
          }
        },
        {
          "k": "server_url",
          "v": "https://github.com"
        },
        {
          "k": "api_url",
          "v": "https://api.github.com"
        },
        {
          "k": "graphql_url",
          "v": "https://api.github.com/graphql"
        },
        {
          "k": "ref_name",
          "v": "main"
        },
        {
          "k": "ref_protected",
          "v": false
        },
        {
          "k": "ref_type",
          "v": "branch"
        },
        {
          "k": "secret_source",
          "v": "Actions"
        },
        {
          "k": "workflow_ref",
          "v": "ruchir10/Test/.github/workflows/workflow.yaml@refs/heads/main"
        },
        {
          "k": "workflow_sha",
          "v": "6c4a32b56f265f2e7988e5878bac45ea59bc6b78"
        }
      ]
    },
    "partialrerun": false,
    "needs": {
      "t": 2,
      "d": [
        {
          "k": "sync",
          "v": {
            "t": 2,
            "d": [
              {
                "k": "result",
                "v": "success"
              },
              {
                "k": "outputs",
                "v": {
                  "t": 2
                }
              }
            ]
          }
        }
      ]
    },
    "vars": null,
    "inputs": {
      "t": 2
    },
    "matrix": null,
    "strategy": {
      "t": 2,
      "d": [
        {
          "k": "fail-fast",
          "v": true
        },
        {
          "k": "job-index",
          "v": 0.0
        },
        {
          "k": "job-total",
          "v": 1.0
        },
        {
          "k": "max-parallel",
          "v": 1.0
        }
      ]
    }
  },
  "actionsEnvironment": {
    "name": "Team",
    "url": null
  }
}
[2023-07-06 11:12:56Z INFO JobRunner] Job ID f7c43188-113f-5ec7-ec29-fc5e85adccb9
[2023-07-06 11:12:56Z INFO JobRunner] Creating job server with URL: https://pipelines.actions.githubusercontent.com/P5jhKlOA66ytK8yODlNmZhDVC0nW8GS9I4LCaUyN7hdifp9YPL/
[2023-07-06 11:12:56Z INFO ConfigurationStore] currentAssemblyLocation: C:\Test\actions-runner\bin\Runner.Worker.dll
[2023-07-06 11:12:56Z INFO HostContext] Well known directory 'Bin': 'C:\Test\actions-runner\bin'
[2023-07-06 11:12:56Z INFO ConfigurationStore] binPath: C:\Test\actions-runner\bin
[2023-07-06 11:12:56Z INFO HostContext] Well known directory 'Bin': 'C:\Test\actions-runner\bin'
[2023-07-06 11:12:56Z INFO HostContext] Well known directory 'Root': 'C:\Test\actions-runner'
[2023-07-06 11:12:56Z INFO ConfigurationStore] RootFolder: C:\Test\actions-runner
[2023-07-06 11:12:56Z INFO HostContext] Well known directory 'Bin': 'C:\Test\actions-runner\bin'
[2023-07-06 11:12:56Z INFO HostContext] Well known directory 'Root': 'C:\Test\actions-runner'
[2023-07-06 11:12:56Z INFO HostContext] Well known config file 'Runner': 'C:\Test\actions-runner\.runner'
[2023-07-06 11:12:56Z INFO ConfigurationStore] ConfigFilePath: C:\Test\actions-runner\.runner
[2023-07-06 11:12:56Z INFO HostContext] Well known directory 'Bin': 'C:\Test\actions-runner\bin'
[2023-07-06 11:12:56Z INFO HostContext] Well known directory 'Root': 'C:\Test\actions-runner'
[2023-07-06 11:12:56Z INFO HostContext] Well known config file 'Credentials': 'C:\Test\actions-runner\.credentials'
[2023-07-06 11:12:56Z INFO ConfigurationStore] CredFilePath: C:\Test\actions-runner\.credentials
[2023-07-06 11:12:56Z INFO HostContext] Well known directory 'Bin': 'C:\Test\actions-runner\bin'
[2023-07-06 11:12:56Z INFO HostContext] Well known directory 'Root': 'C:\Test\actions-runner'
[2023-07-06 11:12:56Z INFO HostContext] Well known config file 'MigratedCredentials': 'C:\Test\actions-runner\.credentials_migrated'
[2023-07-06 11:12:56Z INFO ConfigurationStore] MigratedCredFilePath: C:\Test\actions-runner\.credentials_migrated
[2023-07-06 11:12:56Z INFO HostContext] Well known directory 'Bin': 'C:\Test\actions-runner\bin'
[2023-07-06 11:12:56Z INFO HostContext] Well known directory 'Root': 'C:\Test\actions-runner'
[2023-07-06 11:12:56Z INFO HostContext] Well known config file 'Service': 'C:\Test\actions-runner\.service'
[2023-07-06 11:12:56Z INFO ConfigurationStore] ServiceConfigFilePath: C:\Test\actions-runner\.service
[2023-07-06 11:12:56Z INFO ConfigurationStore] Read setting file: 290 chars
[2023-07-06 11:12:56Z INFO GitHubActionsService] Starting operation Location.GetConnectionData
[2023-07-06 11:12:56Z INFO Worker] Listening for cancel message from the channel.
[2023-07-06 11:12:56Z INFO Worker] Waiting for the job to complete or for a cancel message from the channel.
[2023-07-06 11:12:58Z INFO GitHubActionsService] Finished operation Location.GetConnectionData
[2023-07-06 11:12:58Z INFO JobServer] Creating websocket client ...wss://pipelines.actions.githubusercontent.com/P5jhKlOA66ytK8yODlNmZhDVC0nW8GS9I4LCaUyN7hdifp9YPL/00000000-0000-0000-0000-000000000000/_apis/distributedtask/hubs/Actions/plans/ea27600f-11f2-4bfc-a9fa-c7b83195cca8/timelines/ea27600f-11f2-4bfc-a9fa-c7b83195cca8/records/f7c43188-113f-5ec7-ec29-fc5e85adccb9/feedstream?api-version=6.0-preview
[2023-07-06 11:12:58Z INFO JobServer] Attempting to start websocket client with delay 00:00:00.
[2023-07-06 11:12:58Z INFO JobServerQueue] Start process web console line queue.
[2023-07-06 11:12:58Z INFO JobServerQueue] Start process file upload queue.
[2023-07-06 11:12:58Z INFO JobServerQueue] Start results file upload queue.
[2023-07-06 11:12:58Z INFO JobServerQueue] Starting results-based upload queue...
[2023-07-06 11:12:58Z INFO JobServerQueue] Start process timeline update queue.
[2023-07-06 11:12:58Z INFO ExecutionContext] Initialize GitHub context
[2023-07-06 11:12:58Z INFO ExecutionContext] Initialize Env context
[2023-07-06 11:12:58Z INFO HostContext] Well known directory 'Bin': 'C:\Test\actions-runner\bin'
[2023-07-06 11:12:58Z INFO HostContext] Well known directory 'Root': 'C:\Test\actions-runner'
[2023-07-06 11:12:58Z INFO HostContext] Well known directory 'Diag': 'C:\Test\actions-runner\_diag'
[2023-07-06 11:12:58Z INFO HostContext] Well known directory 'Bin': 'C:\Test\actions-runner\bin'
[2023-07-06 11:12:58Z INFO HostContext] Well known directory 'Root': 'C:\Test\actions-runner'
[2023-07-06 11:12:58Z INFO HostContext] Well known directory 'Diag': 'C:\Test\actions-runner\_diag'
[2023-07-06 11:12:58Z INFO JobRunner] Starting the job execution context.
[2023-07-06 11:12:58Z INFO HostContext] Well known directory 'Bin': 'C:\Test\actions-runner\bin'
[2023-07-06 11:12:58Z INFO HostContext] Well known directory 'Root': 'C:\Test\actions-runner'
[2023-07-06 11:12:58Z INFO HostContext] Well known directory 'Work': 'C:\Test\actions-runner\_work'
[2023-07-06 11:12:58Z INFO JobRunner] Validating directory permissions for: 'C:\Test\actions-runner\_work'
[2023-07-06 11:12:58Z INFO HostContext] Well known directory 'Bin': 'C:\Test\actions-runner\bin'
[2023-07-06 11:12:58Z INFO HostContext] Well known directory 'Root': 'C:\Test\actions-runner'
[2023-07-06 11:12:58Z INFO HostContext] Well known directory 'Work': 'C:\Test\actions-runner\_work'
[2023-07-06 11:12:58Z INFO HostContext] Well known directory 'Tools': 'C:\Test\actions-runner\_work\_tool'
[2023-07-06 11:12:58Z INFO HostContext] Well known directory 'Bin': 'C:\Test\actions-runner\bin'
[2023-07-06 11:12:58Z INFO HostContext] Well known directory 'Root': 'C:\Test\actions-runner'
[2023-07-06 11:12:58Z INFO HostContext] Well known directory 'Work': 'C:\Test\actions-runner\_work'
[2023-07-06 11:12:58Z INFO HostContext] Well known directory 'Temp': 'C:\Test\actions-runner\_work\_temp'
[2023-07-06 11:12:58Z INFO JobRunner] Getting job extension.
[2023-07-06 11:12:58Z INFO JobRunner] Initialize job. Getting all job steps.
[2023-07-06 11:12:58Z INFO HostContext] Well known directory 'Bin': 'C:\Test\actions-runner\bin'
[2023-07-06 11:12:58Z INFO HostContext] Well known directory 'Root': 'C:\Test\actions-runner'
[2023-07-06 11:12:58Z INFO HostContext] Well known directory 'Diag': 'C:\Test\actions-runner\_diag'
[2023-07-06 11:12:58Z INFO HostContext] Well known directory 'Bin': 'C:\Test\actions-runner\bin'
[2023-07-06 11:12:58Z INFO HostContext] Well known directory 'Root': 'C:\Test\actions-runner'
[2023-07-06 11:12:58Z INFO HostContext] Well known directory 'Diag': 'C:\Test\actions-runner\_diag'
[2023-07-06 11:12:58Z INFO HostContext] Well known directory 'Bin': 'C:\Test\actions-runner\bin'
[2023-07-06 11:12:58Z INFO HostContext] Well known directory 'Root': 'C:\Test\actions-runner'
[2023-07-06 11:12:58Z INFO HostContext] Well known config file 'Credentials': 'C:\Test\actions-runner\.credentials'
[2023-07-06 11:12:58Z INFO HostContext] Well known directory 'Bin': 'C:\Test\actions-runner\bin'
[2023-07-06 11:12:58Z INFO HostContext] Well known directory 'Root': 'C:\Test\actions-runner'
[2023-07-06 11:12:58Z INFO HostContext] Well known config file 'SetupInfo': 'C:\Test\actions-runner\.setup_info'
[2023-07-06 11:12:58Z INFO HostContext] Well known directory 'Bin': 'C:\Test\actions-runner\bin'
[2023-07-06 11:12:58Z INFO HostContext] Well known directory 'Root': 'C:\Test\actions-runner'
[2023-07-06 11:12:58Z INFO HostContext] Well known directory 'Work': 'C:\Test\actions-runner\_work'
[2023-07-06 11:12:58Z INFO PipelineDirectoryManager] Loading tracking config if exists: C:\Test\actions-runner\_work\_PipelineMapping\ruchir10/Test\PipelineFolder.json
[2023-07-06 11:12:58Z INFO PipelineDirectoryManager] Updating job run properties.
[2023-07-06 11:12:58Z INFO HostContext] Well known directory 'Bin': 'C:\Test\actions-runner\bin'
[2023-07-06 11:12:58Z INFO HostContext] Well known directory 'Root': 'C:\Test\actions-runner'
[2023-07-06 11:12:58Z INFO HostContext] Well known directory 'Work': 'C:\Test\actions-runner\_work'
[2023-07-06 11:12:58Z INFO HostContext] Well known directory 'Bin': 'C:\Test\actions-runner\bin'
[2023-07-06 11:12:58Z INFO HostContext] Well known directory 'Root': 'C:\Test\actions-runner'
[2023-07-06 11:12:58Z INFO HostContext] Well known directory 'Work': 'C:\Test\actions-runner\_work'
[2023-07-06 11:12:58Z INFO HostContext] Well known directory 'Bin': 'C:\Test\actions-runner\bin'
[2023-07-06 11:12:58Z INFO HostContext] Well known directory 'Root': 'C:\Test\actions-runner'
[2023-07-06 11:12:58Z INFO HostContext] Well known directory 'Work': 'C:\Test\actions-runner\_work'
[2023-07-06 11:12:58Z INFO JobExtension] Downloading actions
[2023-07-06 11:12:58Z INFO HostContext] Well known directory 'Bin': 'C:\Test\actions-runner\bin'
[2023-07-06 11:12:58Z INFO HostContext] Well known directory 'Root': 'C:\Test\actions-runner'
[2023-07-06 11:12:58Z INFO HostContext] Well known directory 'Work': 'C:\Test\actions-runner\_work'
[2023-07-06 11:12:58Z INFO HostContext] Well known directory 'Actions': 'C:\Test\actions-runner\_work\_actions'
[2023-07-06 11:12:58Z INFO JobExtension] Adding .
[2023-07-06 11:12:58Z INFO JobExtension] Adding .
[2023-07-06 11:12:58Z INFO HostContext] Well known directory 'Bin': 'C:\Test\actions-runner\bin'
[2023-07-06 11:12:58Z INFO HostContext] Well known directory 'Root': 'C:\Test\actions-runner'
[2023-07-06 11:12:58Z INFO HostContext] Well known directory 'Diag': 'C:\Test\actions-runner\_diag'
[2023-07-06 11:12:58Z INFO HostContext] Well known directory 'Bin': 'C:\Test\actions-runner\bin'
[2023-07-06 11:12:58Z INFO HostContext] Well known directory 'Root': 'C:\Test\actions-runner'
[2023-07-06 11:12:58Z INFO HostContext] Well known directory 'Diag': 'C:\Test\actions-runner\_diag'
[2023-07-06 11:12:58Z INFO HostContext] Well known directory 'Bin': 'C:\Test\actions-runner\bin'
[2023-07-06 11:12:58Z INFO HostContext] Well known directory 'Root': 'C:\Test\actions-runner'
[2023-07-06 11:12:58Z INFO HostContext] Well known directory 'Diag': 'C:\Test\actions-runner\_diag'
[2023-07-06 11:12:58Z INFO HostContext] Well known directory 'Bin': 'C:\Test\actions-runner\bin'
[2023-07-06 11:12:58Z INFO HostContext] Well known directory 'Root': 'C:\Test\actions-runner'
[2023-07-06 11:12:58Z INFO HostContext] Well known directory 'Diag': 'C:\Test\actions-runner\_diag'
[2023-07-06 11:12:58Z INFO JobExtension] Total accessible running process: 304.
[2023-07-06 11:12:58Z INFO HostContext] Well known directory 'Bin': 'C:\Test\actions-runner\bin'
[2023-07-06 11:12:58Z INFO HostContext] Well known directory 'Root': 'C:\Test\actions-runner'
[2023-07-06 11:12:58Z INFO HostContext] Well known directory 'Work': 'C:\Test\actions-runner\_work'
[2023-07-06 11:12:58Z INFO ExecutionContext] Publish step telemetry for current step {
  "action": "setup_job",
  "type": "runner",
  "stage": "Pre",
  "stepId": "b90dac91-e03f-4d66-98e6-5afeb7b4409b",
  "result": "succeeded",
  "errorMessages": [],
  "executionTimeInSeconds": 1,
  "startTime": "2023-07-06T11:12:58.0972566Z",
  "finishTime": "2023-07-06T11:12:58.1977722Z"
}.
[2023-07-06 11:12:58Z INFO JobRunner] Total job steps: 2.
[2023-07-06 11:12:58Z INFO JobRunner] Run all job steps.
[2023-07-06 11:12:58Z INFO StepsRunner] Processing step: DisplayName='Terraform Common'
[2023-07-06 11:12:58Z INFO StepsRunner] Evaluating: success()
[2023-07-06 11:12:58Z INFO StepsRunner] Result: true
[2023-07-06 11:12:58Z INFO StepsRunner] Starting the step.
[2023-07-06 11:12:58Z INFO HostContext] Well known directory 'Bin': 'C:\Test\actions-runner\bin'
[2023-07-06 11:12:58Z INFO HostContext] Well known directory 'Root': 'C:\Test\actions-runner'
[2023-07-06 11:12:58Z INFO HostContext] Well known directory 'Work': 'C:\Test\actions-runner\_work'
[2023-07-06 11:12:58Z INFO StepsRunner] Which: 'chcp'
[2023-07-06 11:12:58Z INFO StepsRunner] Location: 'C:\Windows\system32\chcp.COM'
[2023-07-06 11:12:58Z INFO ProcessInvokerWrapper] Starting process:
[2023-07-06 11:12:58Z INFO ProcessInvokerWrapper]   File name: 'C:\Windows\system32\chcp.COM'
[2023-07-06 11:12:58Z INFO ProcessInvokerWrapper]   Arguments: '65001'
[2023-07-06 11:12:58Z INFO ProcessInvokerWrapper]   Working directory: 'C:\Test\actions-runner\_work'
[2023-07-06 11:12:58Z INFO ProcessInvokerWrapper]   Require exit code zero: 'False'
[2023-07-06 11:12:58Z INFO ProcessInvokerWrapper]   Encoding web name:  ; code page: ''
[2023-07-06 11:12:58Z INFO ProcessInvokerWrapper]   Force kill process on cancellation: 'False'
[2023-07-06 11:12:58Z INFO ProcessInvokerWrapper]   Redirected STDIN: 'False'
[2023-07-06 11:12:58Z INFO ProcessInvokerWrapper]   Persist current code page: 'True'
[2023-07-06 11:12:58Z INFO ProcessInvokerWrapper]   Keep redirected STDIN open: 'False'
[2023-07-06 11:12:58Z INFO ProcessInvokerWrapper]   High priority process: 'False'
[2023-07-06 11:12:58Z INFO ProcessInvokerWrapper] Process started with process id 13176, waiting for process exit.
[2023-07-06 11:12:58Z INFO ProcessInvokerWrapper] STDOUT/STDERR stream read finished.
[2023-07-06 11:12:58Z INFO ProcessInvokerWrapper] STDOUT/STDERR stream read finished.
[2023-07-06 11:12:58Z INFO ProcessInvokerWrapper] Finished process 13176 with exit code 0, and elapsed time 00:00:00.0170645.
[2023-07-06 11:12:58Z INFO StepsRunner] Successfully returned to code page 65001 (UTF8)
[2023-07-06 11:12:58Z INFO HostContext] Well known directory 'Bin': 'C:\Test\actions-runner\bin'
[2023-07-06 11:12:58Z INFO HostContext] Well known directory 'Root': 'C:\Test\actions-runner'
[2023-07-06 11:12:58Z INFO HostContext] Well known directory 'Work': 'C:\Test\actions-runner\_work'
[2023-07-06 11:12:58Z INFO HostContext] Well known directory 'Temp': 'C:\Test\actions-runner\_work\_temp'
[2023-07-06 11:12:58Z INFO ExecutionContext] Write event payload to C:\Test\actions-runner\_work\_temp\_github_workflow\event.json
[2023-07-06 11:12:58Z INFO HostContext] Well known directory 'Bin': 'C:\Test\actions-runner\bin'
[2023-07-06 11:12:58Z INFO HostContext] Well known directory 'Root': 'C:\Test\actions-runner'
[2023-07-06 11:12:58Z INFO HostContext] Well known directory 'Work': 'C:\Test\actions-runner\_work'
[2023-07-06 11:12:58Z INFO HostContext] Well known directory 'Temp': 'C:\Test\actions-runner\_work\_temp'
[2023-07-06 11:12:58Z INFO ExtensionManager] Getting extensions for interface: 'GitHub.Runner.Worker.IFileCommandExtension'
[2023-07-06 11:12:58Z INFO ExtensionManager] Creating instance: GitHub.Runner.Worker.AddPathFileCommand, Runner.Worker
[2023-07-06 11:12:58Z INFO ExtensionManager] Creating instance: GitHub.Runner.Worker.SetEnvFileCommand, Runner.Worker
[2023-07-06 11:12:58Z INFO ExtensionManager] Creating instance: GitHub.Runner.Worker.CreateStepSummaryCommand, Runner.Worker
[2023-07-06 11:12:58Z INFO ExtensionManager] Creating instance: GitHub.Runner.Worker.SaveStateFileCommand, Runner.Worker
[2023-07-06 11:12:58Z INFO ExtensionManager] Creating instance: GitHub.Runner.Worker.SetOutputFileCommand, Runner.Worker
[2023-07-06 11:12:58Z INFO ExtensionManager] Getting extensions for interface: 'GitHub.Runner.Worker.IActionCommandExtension'
[2023-07-06 11:12:58Z INFO ExtensionManager] Creating instance: GitHub.Runner.Worker.InternalPluginSetRepoPathCommandExtension, Runner.Worker
[2023-07-06 11:12:58Z INFO ExtensionManager] Creating instance: GitHub.Runner.Worker.SetEnvCommandExtension, Runner.Worker
[2023-07-06 11:12:58Z INFO ExtensionManager] Creating instance: GitHub.Runner.Worker.SetOutputCommandExtension, Runner.Worker
[2023-07-06 11:12:58Z INFO ExtensionManager] Creating instance: GitHub.Runner.Worker.SaveStateCommandExtension, Runner.Worker
[2023-07-06 11:12:58Z INFO ExtensionManager] Creating instance: GitHub.Runner.Worker.AddPathCommandExtension, Runner.Worker
[2023-07-06 11:12:58Z INFO ExtensionManager] Creating instance: GitHub.Runner.Worker.AddMaskCommandExtension, Runner.Worker
[2023-07-06 11:12:58Z INFO ExtensionManager] Creating instance: GitHub.Runner.Worker.AddMatcherCommandExtension, Runner.Worker
[2023-07-06 11:12:58Z INFO ExtensionManager] Creating instance: GitHub.Runner.Worker.RemoveMatcherCommandExtension, Runner.Worker
[2023-07-06 11:12:58Z INFO ExtensionManager] Creating instance: GitHub.Runner.Worker.WarningCommandExtension, Runner.Worker
[2023-07-06 11:12:58Z INFO ExtensionManager] Creating instance: GitHub.Runner.Worker.ErrorCommandExtension, Runner.Worker
[2023-07-06 11:12:58Z INFO ExtensionManager] Creating instance: GitHub.Runner.Worker.NoticeCommandExtension, Runner.Worker
[2023-07-06 11:12:58Z INFO ExtensionManager] Creating instance: GitHub.Runner.Worker.DebugCommandExtension, Runner.Worker
[2023-07-06 11:12:58Z INFO ExtensionManager] Creating instance: GitHub.Runner.Worker.GroupCommandExtension, Runner.Worker
[2023-07-06 11:12:58Z INFO ExtensionManager] Creating instance: GitHub.Runner.Worker.EndGroupCommandExtension, Runner.Worker
[2023-07-06 11:12:58Z INFO ExtensionManager] Creating instance: GitHub.Runner.Worker.EchoCommandExtension, Runner.Worker
[2023-07-06 11:12:58Z INFO ActionCommandManager] Register action command extension for command internal-set-repo-path
[2023-07-06 11:12:58Z INFO ActionCommandManager] Register action command extension for command set-env
[2023-07-06 11:12:58Z INFO ActionCommandManager] Register action command extension for command set-output
[2023-07-06 11:12:58Z INFO ActionCommandManager] Register action command extension for command save-state
[2023-07-06 11:12:58Z INFO ActionCommandManager] Register action command extension for command add-path
[2023-07-06 11:12:58Z INFO ActionCommandManager] Register action command extension for command add-mask
[2023-07-06 11:12:58Z INFO ActionCommandManager] Register action command extension for command add-matcher
[2023-07-06 11:12:58Z INFO ActionCommandManager] Register action command extension for command remove-matcher
[2023-07-06 11:12:58Z INFO ActionCommandManager] Register action command extension for command warning
[2023-07-06 11:12:58Z INFO ActionCommandManager] Register action command extension for command error
[2023-07-06 11:12:58Z INFO ActionCommandManager] Register action command extension for command notice
[2023-07-06 11:12:58Z INFO ActionCommandManager] Register action command extension for command debug
[2023-07-06 11:12:58Z INFO ActionCommandManager] Register action command extension for command group
[2023-07-06 11:12:58Z INFO ActionCommandManager] Register action command extension for command endgroup
[2023-07-06 11:12:58Z INFO ActionCommandManager] Register action command extension for command echo
[2023-07-06 11:12:58Z INFO ScriptHandler] Which: 'pwsh'
[2023-07-06 11:12:58Z INFO ScriptHandler] pwsh: command not found. Make sure 'pwsh' is installed and its location included in the 'Path' environment variable.
[2023-07-06 11:12:58Z INFO ScriptHandler] Defaulting to powershell
[2023-07-06 11:12:58Z INFO ScriptHandler] Which: 'powershell'
[2023-07-06 11:12:58Z INFO ScriptHandler] Location: 'C:\Windows\System32\WindowsPowerShell\v1.0\powershell.EXE'
[2023-07-06 11:12:58Z INFO HostContext] Well known directory 'Bin': 'C:\Test\actions-runner\bin'
[2023-07-06 11:12:58Z INFO HostContext] Well known directory 'Root': 'C:\Test\actions-runner'
[2023-07-06 11:12:58Z INFO HostContext] Well known directory 'Work': 'C:\Test\actions-runner\_work'
[2023-07-06 11:12:58Z INFO HostContext] Well known directory 'Temp': 'C:\Test\actions-runner\_work\_temp'
[2023-07-06 11:12:58Z INFO ScriptHandler] Which: 'pwsh'
[2023-07-06 11:12:58Z INFO ScriptHandler] pwsh: command not found. Make sure 'pwsh' is installed and its location included in the 'Path' environment variable.
[2023-07-06 11:12:58Z INFO ScriptHandler] Defaulting to powershell
[2023-07-06 11:12:58Z INFO ScriptHandler] Which: 'powershell'
[2023-07-06 11:12:58Z INFO ScriptHandler] Location: 'C:\Windows\System32\WindowsPowerShell\v1.0\powershell.EXE'
[2023-07-06 11:12:58Z INFO ProcessInvokerWrapper] Starting process:
[2023-07-06 11:12:58Z INFO ProcessInvokerWrapper]   File name: 'C:\Windows\System32\WindowsPowerShell\v1.0\powershell.EXE'
[2023-07-06 11:12:58Z INFO ProcessInvokerWrapper]   Arguments: '-command ". 'C:\Test\actions-runner\_work\_temp\8a686d24-1d5a-4db2-9900-37a559860295.ps1'"'
[2023-07-06 11:12:58Z INFO ProcessInvokerWrapper]   Working directory: 'C:\Test\actions-runner\_work\Test\Test'
[2023-07-06 11:12:58Z INFO ProcessInvokerWrapper]   Require exit code zero: 'False'
[2023-07-06 11:12:58Z INFO ProcessInvokerWrapper]   Encoding web name:  ; code page: ''
[2023-07-06 11:12:58Z INFO ProcessInvokerWrapper]   Force kill process on cancellation: 'False'
[2023-07-06 11:12:58Z INFO ProcessInvokerWrapper]   Redirected STDIN: 'False'
[2023-07-06 11:12:58Z INFO ProcessInvokerWrapper]   Persist current code page: 'True'
[2023-07-06 11:12:58Z INFO ProcessInvokerWrapper]   Keep redirected STDIN open: 'False'
[2023-07-06 11:12:58Z INFO ProcessInvokerWrapper]   High priority process: 'False'
[2023-07-06 11:12:58Z INFO ProcessInvokerWrapper] Process started with process id 8456, waiting for process exit.
[2023-07-06 11:12:58Z INFO ProcessInvokerWrapper] STDOUT/STDERR stream read finished.
[2023-07-06 11:12:58Z INFO ProcessInvokerWrapper] STDOUT/STDERR stream read finished.
[2023-07-06 11:12:58Z INFO ProcessInvokerWrapper] Finished process 8456 with exit code 0, and elapsed time 00:00:00.4274453.
[2023-07-06 11:12:58Z INFO CreateStepSummaryCommand] Step Summary file (C:\Test\actions-runner\_work\_temp\_runner_file_commands\step_summary_75e338a0-7c20-4bc3-bd09-30606e75d1bf) is empty; skipping attachment upload
[2023-07-06 11:12:58Z INFO StepsRunner] Step result: 
[2023-07-06 11:12:58Z INFO ExecutionContext] Publish step telemetry for current step {
  "action": "powershell",
  "type": "run",
  "stage": "Main",
  "stepId": "0ce36613-98ec-5c16-5059-83c963f283eb",
  "stepContextName": "__run",
  "result": "succeeded",
  "errorMessages": [],
  "executionTimeInSeconds": 1,
  "startTime": "2023-07-06T11:12:58.2095903Z",
  "finishTime": "2023-07-06T11:12:58.7445288Z"
}.
[2023-07-06 11:12:58Z INFO StepsRunner] No need for updating job result with current step result 'Succeeded'.
[2023-07-06 11:12:58Z INFO StepsRunner] Current state: job state = ''
[2023-07-06 11:12:58Z INFO StepsRunner] Processing step: DisplayName='Terraform Environment'
[2023-07-06 11:12:58Z INFO StepsRunner] Evaluating: success()
[2023-07-06 11:12:58Z INFO StepsRunner] Result: true
[2023-07-06 11:12:58Z INFO StepsRunner] Starting the step.
[2023-07-06 11:12:58Z INFO HostContext] Well known directory 'Bin': 'C:\Test\actions-runner\bin'
[2023-07-06 11:12:58Z INFO HostContext] Well known directory 'Root': 'C:\Test\actions-runner'
[2023-07-06 11:12:58Z INFO HostContext] Well known directory 'Work': 'C:\Test\actions-runner\_work'
[2023-07-06 11:12:58Z INFO StepsRunner] Which: 'chcp'
[2023-07-06 11:12:58Z INFO StepsRunner] Location: 'C:\Windows\system32\chcp.COM'
[2023-07-06 11:12:58Z INFO ProcessInvokerWrapper] Starting process:
[2023-07-06 11:12:58Z INFO ProcessInvokerWrapper]   File name: 'C:\Windows\system32\chcp.COM'
[2023-07-06 11:12:58Z INFO ProcessInvokerWrapper]   Arguments: '65001'
[2023-07-06 11:12:58Z INFO ProcessInvokerWrapper]   Working directory: 'C:\Test\actions-runner\_work'
[2023-07-06 11:12:58Z INFO ProcessInvokerWrapper]   Require exit code zero: 'False'
[2023-07-06 11:12:58Z INFO ProcessInvokerWrapper]   Encoding web name:  ; code page: ''
[2023-07-06 11:12:58Z INFO ProcessInvokerWrapper]   Force kill process on cancellation: 'False'
[2023-07-06 11:12:58Z INFO ProcessInvokerWrapper]   Redirected STDIN: 'False'
[2023-07-06 11:12:58Z INFO ProcessInvokerWrapper]   Persist current code page: 'True'
[2023-07-06 11:12:58Z INFO ProcessInvokerWrapper]   Keep redirected STDIN open: 'False'
[2023-07-06 11:12:58Z INFO ProcessInvokerWrapper]   High priority process: 'False'
[2023-07-06 11:12:58Z INFO ProcessInvokerWrapper] Process started with process id 12972, waiting for process exit.
[2023-07-06 11:12:58Z INFO ProcessInvokerWrapper] STDOUT/STDERR stream read finished.
[2023-07-06 11:12:58Z INFO ProcessInvokerWrapper] STDOUT/STDERR stream read finished.
[2023-07-06 11:12:58Z INFO ProcessInvokerWrapper] Finished process 12972 with exit code 0, and elapsed time 00:00:00.0074634.
[2023-07-06 11:12:58Z INFO StepsRunner] Successfully returned to code page 65001 (UTF8)
[2023-07-06 11:12:58Z INFO HostContext] Well known directory 'Bin': 'C:\Test\actions-runner\bin'
[2023-07-06 11:12:58Z INFO HostContext] Well known directory 'Root': 'C:\Test\actions-runner'
[2023-07-06 11:12:58Z INFO HostContext] Well known directory 'Work': 'C:\Test\actions-runner\_work'
[2023-07-06 11:12:58Z INFO HostContext] Well known directory 'Temp': 'C:\Test\actions-runner\_work\_temp'
[2023-07-06 11:12:58Z INFO ExecutionContext] Write event payload to C:\Test\actions-runner\_work\_temp\_github_workflow\event.json
[2023-07-06 11:12:58Z INFO HostContext] Well known directory 'Bin': 'C:\Test\actions-runner\bin'
[2023-07-06 11:12:58Z INFO HostContext] Well known directory 'Root': 'C:\Test\actions-runner'
[2023-07-06 11:12:58Z INFO HostContext] Well known directory 'Work': 'C:\Test\actions-runner\_work'
[2023-07-06 11:12:58Z INFO HostContext] Well known directory 'Temp': 'C:\Test\actions-runner\_work\_temp'
[2023-07-06 11:12:58Z INFO ExtensionManager] Getting extensions for interface: 'GitHub.Runner.Worker.IFileCommandExtension'
[2023-07-06 11:12:58Z INFO ExtensionManager] Getting extensions for interface: 'GitHub.Runner.Worker.IActionCommandExtension'
[2023-07-06 11:12:58Z INFO ActionCommandManager] Register action command extension for command internal-set-repo-path
[2023-07-06 11:12:58Z INFO ActionCommandManager] Register action command extension for command set-env
[2023-07-06 11:12:58Z INFO ActionCommandManager] Register action command extension for command set-output
[2023-07-06 11:12:58Z INFO ActionCommandManager] Register action command extension for command save-state
[2023-07-06 11:12:58Z INFO ActionCommandManager] Register action command extension for command add-path
[2023-07-06 11:12:58Z INFO ActionCommandManager] Register action command extension for command add-mask
[2023-07-06 11:12:58Z INFO ActionCommandManager] Register action command extension for command add-matcher
[2023-07-06 11:12:58Z INFO ActionCommandManager] Register action command extension for command remove-matcher
[2023-07-06 11:12:58Z INFO ActionCommandManager] Register action command extension for command warning
[2023-07-06 11:12:58Z INFO ActionCommandManager] Register action command extension for command error
[2023-07-06 11:12:58Z INFO ActionCommandManager] Register action command extension for command notice
[2023-07-06 11:12:58Z INFO ActionCommandManager] Register action command extension for command debug
[2023-07-06 11:12:58Z INFO ActionCommandManager] Register action command extension for command group
[2023-07-06 11:12:58Z INFO ActionCommandManager] Register action command extension for command endgroup
[2023-07-06 11:12:58Z INFO ActionCommandManager] Register action command extension for command echo
[2023-07-06 11:12:58Z INFO ScriptHandler] Which: 'pwsh'
[2023-07-06 11:12:58Z INFO ScriptHandler] pwsh: command not found. Make sure 'pwsh' is installed and its location included in the 'Path' environment variable.
[2023-07-06 11:12:58Z INFO ScriptHandler] Defaulting to powershell
[2023-07-06 11:12:58Z INFO ScriptHandler] Which: 'powershell'
[2023-07-06 11:12:58Z INFO ScriptHandler] Location: 'C:\Windows\System32\WindowsPowerShell\v1.0\powershell.EXE'
[2023-07-06 11:12:58Z INFO HostContext] Well known directory 'Bin': 'C:\Test\actions-runner\bin'
[2023-07-06 11:12:58Z INFO HostContext] Well known directory 'Root': 'C:\Test\actions-runner'
[2023-07-06 11:12:58Z INFO HostContext] Well known directory 'Work': 'C:\Test\actions-runner\_work'
[2023-07-06 11:12:58Z INFO HostContext] Well known directory 'Temp': 'C:\Test\actions-runner\_work\_temp'
[2023-07-06 11:12:58Z INFO ScriptHandler] Which: 'pwsh'
[2023-07-06 11:12:58Z INFO ScriptHandler] pwsh: command not found. Make sure 'pwsh' is installed and its location included in the 'Path' environment variable.
[2023-07-06 11:12:58Z INFO ScriptHandler] Defaulting to powershell
[2023-07-06 11:12:58Z INFO ScriptHandler] Which: 'powershell'
[2023-07-06 11:12:58Z INFO ScriptHandler] Location: 'C:\Windows\System32\WindowsPowerShell\v1.0\powershell.EXE'
[2023-07-06 11:12:58Z INFO ProcessInvokerWrapper] Starting process:
[2023-07-06 11:12:58Z INFO ProcessInvokerWrapper]   File name: 'C:\Windows\System32\WindowsPowerShell\v1.0\powershell.EXE'
[2023-07-06 11:12:58Z INFO ProcessInvokerWrapper]   Arguments: '-command ". 'C:\Test\actions-runner\_work\_temp\b6e4fa90-fb06-4b14-a189-8a53efb97ff2.ps1'"'
[2023-07-06 11:12:58Z INFO ProcessInvokerWrapper]   Working directory: 'C:\Test\actions-runner\_work\Test\Test'
[2023-07-06 11:12:58Z INFO ProcessInvokerWrapper]   Require exit code zero: 'False'
[2023-07-06 11:12:58Z INFO ProcessInvokerWrapper]   Encoding web name:  ; code page: ''
[2023-07-06 11:12:58Z INFO ProcessInvokerWrapper]   Force kill process on cancellation: 'False'
[2023-07-06 11:12:58Z INFO ProcessInvokerWrapper]   Redirected STDIN: 'False'
[2023-07-06 11:12:58Z INFO ProcessInvokerWrapper]   Persist current code page: 'True'
[2023-07-06 11:12:58Z INFO ProcessInvokerWrapper]   Keep redirected STDIN open: 'False'
[2023-07-06 11:12:58Z INFO ProcessInvokerWrapper]   High priority process: 'False'
[2023-07-06 11:12:58Z INFO ProcessInvokerWrapper] Process started with process id 26880, waiting for process exit.
[2023-07-06 11:12:58Z INFO JobServerQueue] Job timeline record has been updated for the first time.
[2023-07-06 11:12:59Z INFO ProcessInvokerWrapper] STDOUT/STDERR stream read finished.
[2023-07-06 11:12:59Z INFO ProcessInvokerWrapper] STDOUT/STDERR stream read finished.
[2023-07-06 11:12:59Z INFO ProcessInvokerWrapper] Finished process 26880 with exit code 0, and elapsed time 00:00:00.4160736.
[2023-07-06 11:12:59Z INFO CreateStepSummaryCommand] Step Summary file (C:\Test\actions-runner\_work\_temp\_runner_file_commands\step_summary_6e0ffeea-df2c-42d6-b934-3f24dbb78d76) is empty; skipping attachment upload
[2023-07-06 11:12:59Z INFO StepsRunner] Step result: 
[2023-07-06 11:12:59Z INFO ExecutionContext] Publish step telemetry for current step {
  "action": "powershell",
  "type": "run",
  "stage": "Main",
  "stepId": "bbd9ce47-56ee-5a10-5972-6548962c29b0",
  "stepContextName": "__run_2",
  "result": "succeeded",
  "errorMessages": [],
  "executionTimeInSeconds": 1,
  "startTime": "2023-07-06T11:12:58.7451591Z",
  "finishTime": "2023-07-06T11:12:59.1852797Z"
}.
[2023-07-06 11:12:59Z INFO StepsRunner] No need for updating job result with current step result 'Succeeded'.
[2023-07-06 11:12:59Z INFO StepsRunner] Current state: job state = ''
[2023-07-06 11:12:59Z INFO JobRunner] Finalize job.
[2023-07-06 11:12:59Z INFO HostContext] Well known directory 'Bin': 'C:\Test\actions-runner\bin'
[2023-07-06 11:12:59Z INFO HostContext] Well known directory 'Root': 'C:\Test\actions-runner'
[2023-07-06 11:12:59Z INFO HostContext] Well known directory 'Diag': 'C:\Test\actions-runner\_diag'
[2023-07-06 11:12:59Z INFO HostContext] Well known directory 'Bin': 'C:\Test\actions-runner\bin'
[2023-07-06 11:12:59Z INFO HostContext] Well known directory 'Root': 'C:\Test\actions-runner'
[2023-07-06 11:12:59Z INFO HostContext] Well known directory 'Diag': 'C:\Test\actions-runner\_diag'
[2023-07-06 11:12:59Z INFO JobExtension] Initialize Env context
[2023-07-06 11:12:59Z INFO JobExtension] Initialize steps context
[2023-07-06 11:12:59Z INFO JobExtension] Total accessible running process: 304.
[2023-07-06 11:12:59Z INFO ExecutionContext] Publish step telemetry for current step {
  "action": "complete_job",
  "type": "runner",
  "stage": "Post",
  "stepId": "6275bbc6-0f79-4d4e-a8f3-20b5e8837bfe",
  "result": "succeeded",
  "errorMessages": [],
  "executionTimeInSeconds": 1,
  "startTime": "2023-07-06T11:12:59.1935991Z",
  "finishTime": "2023-07-06T11:12:59.1996199Z"
}.
[2023-07-06 11:12:59Z INFO JobRunner] Job result after all job steps finish: Succeeded
[2023-07-06 11:12:59Z INFO JobRunner] Completing the job execution context.
[2023-07-06 11:12:59Z INFO JobServer] Successfully started websocket client.
[2023-07-06 11:12:59Z INFO JobServerQueue] Try to append 1 batches web console lines for record 'b90dac91-e03f-4d66-98e6-5afeb7b4409b', success rate: 1/1.
[2023-07-06 11:12:59Z INFO JobServerQueue] Try to append 1 batches web console lines for record '0ce36613-98ec-5c16-5059-83c963f283eb', success rate: 1/1.
[2023-07-06 11:12:59Z INFO JobRunner] Shutting down the job server queue.
[2023-07-06 11:12:59Z INFO JobServerQueue] Fire signal to shutdown all queues.
[2023-07-06 11:13:00Z INFO JobServerQueue] Try to upload 2 log files or attachments, success rate: 2/2.
[2023-07-06 11:13:01Z INFO JobServerQueue] All queue process task stopped.
[2023-07-06 11:13:01Z INFO JobServerQueue] Try to append 1 batches web console lines for record '0ce36613-98ec-5c16-5059-83c963f283eb', success rate: 1/1.
[2023-07-06 11:13:01Z INFO JobServerQueue] Try to append 1 batches web console lines for record 'bbd9ce47-56ee-5a10-5972-6548962c29b0', success rate: 1/1.
[2023-07-06 11:13:01Z INFO JobServerQueue] Try to append 1 batches web console lines for record '6275bbc6-0f79-4d4e-a8f3-20b5e8837bfe', success rate: 1/1.
[2023-07-06 11:13:01Z INFO JobServerQueue] Web console line queue drained.
[2023-07-06 11:13:01Z INFO JobServerQueue] Uploading 3 files in one shot.
[2023-07-06 11:13:03Z INFO JobServerQueue] Try to upload 3 log files or attachments, success rate: 3/3.
[2023-07-06 11:13:03Z INFO JobServerQueue] File upload queue drained.
[2023-07-06 11:13:03Z INFO JobServerQueue] Starting results-based upload queue...
[2023-07-06 11:13:03Z INFO JobServerQueue] Results upload queue drained.
[2023-07-06 11:13:03Z INFO JobServerQueue] Timeline update queue drained.
[2023-07-06 11:13:03Z INFO JobServerQueue] Disposing job server ...
[2023-07-06 11:13:03Z INFO JobServerQueue] Disposing results server ...
[2023-07-06 11:13:03Z INFO JobServerQueue] All queue process tasks have been stopped, and all queues are drained.
[2023-07-06 11:13:03Z INFO TempDirectoryManager] Cleaning runner temp folder: C:\Test\actions-runner\_work\_temp
[2023-07-06 11:13:03Z INFO HostContext] Well known directory 'Bin': 'C:\Test\actions-runner\bin'
[2023-07-06 11:13:03Z INFO HostContext] Well known directory 'Root': 'C:\Test\actions-runner'
[2023-07-06 11:13:03Z INFO HostContext] Well known directory 'Diag': 'C:\Test\actions-runner\_diag'
[2023-07-06 11:13:03Z INFO HostContext] Well known config file 'Telemetry': 'C:\Test\actions-runner\_diag\.telemetry'
[2023-07-06 11:13:03Z INFO JobRunner] Raising job completed event
[2023-07-06 11:13:03Z INFO Worker] Job completed.
